<?xml version="1.0" encoding="UTF-8"?>
<testsuite xmlns:xsi="http://www.w3.org/2001/XMLSchema-instance"
           xsi:noNamespaceSchemaLocation="https://maven.apache.org/surefire/maven-surefire-plugin/xsd/surefire-test-report-3.0.xsd"
           version="3.0" name="platform.backend.BackendApplicationTests" time="2.842" tests="1" errors="0" skipped="0"
           failures="0">
    <properties>
        <property name="java.specification.version" value="18"/>
        <property name="sun.jnu.encoding" value="UTF-8"/>
        <property name="java.class.path"
                  value="/Users/gabrielhall/Documents/UA/3ºAno/TQS_102851/TQS-Project/platform/backend/target/test-classes:/Users/gabrielhall/Documents/UA/3ºAno/TQS_102851/TQS-Project/platform/backend/target/classes:/Users/gabrielhall/.m2/repository/org/springframework/boot/spring-boot-starter-web/3.0.6/spring-boot-starter-web-3.0.6.jar:/Users/gabrielhall/.m2/repository/org/springframework/boot/spring-boot-starter/3.0.6/spring-boot-starter-3.0.6.jar:/Users/gabrielhall/.m2/repository/org/springframework/boot/spring-boot/3.0.6/spring-boot-3.0.6.jar:/Users/gabrielhall/.m2/repository/org/springframework/boot/spring-boot-autoconfigure/3.0.6/spring-boot-autoconfigure-3.0.6.jar:/Users/gabrielhall/.m2/repository/org/springframework/boot/spring-boot-starter-logging/3.0.6/spring-boot-starter-logging-3.0.6.jar:/Users/gabrielhall/.m2/repository/ch/qos/logback/logback-classic/1.4.7/logback-classic-1.4.7.jar:/Users/gabrielhall/.m2/repository/ch/qos/logback/logback-core/1.4.7/logback-core-1.4.7.jar:/Users/gabrielhall/.m2/repository/org/apache/logging/log4j/log4j-to-slf4j/2.19.0/log4j-to-slf4j-2.19.0.jar:/Users/gabrielhall/.m2/repository/org/apache/logging/log4j/log4j-api/2.19.0/log4j-api-2.19.0.jar:/Users/gabrielhall/.m2/repository/org/slf4j/jul-to-slf4j/2.0.7/jul-to-slf4j-2.0.7.jar:/Users/gabrielhall/.m2/repository/jakarta/annotation/jakarta.annotation-api/2.1.1/jakarta.annotation-api-2.1.1.jar:/Users/gabrielhall/.m2/repository/org/yaml/snakeyaml/1.33/snakeyaml-1.33.jar:/Users/gabrielhall/.m2/repository/org/springframework/boot/spring-boot-starter-json/3.0.6/spring-boot-starter-json-3.0.6.jar:/Users/gabrielhall/.m2/repository/com/fasterxml/jackson/core/jackson-databind/2.14.2/jackson-databind-2.14.2.jar:/Users/gabrielhall/.m2/repository/com/fasterxml/jackson/core/jackson-annotations/2.14.2/jackson-annotations-2.14.2.jar:/Users/gabrielhall/.m2/repository/com/fasterxml/jackson/core/jackson-core/2.14.2/jackson-core-2.14.2.jar:/Users/gabrielhall/.m2/repository/com/fasterxml/jackson/datatype/jackson-datatype-jdk8/2.14.2/jackson-datatype-jdk8-2.14.2.jar:/Users/gabrielhall/.m2/repository/com/fasterxml/jackson/datatype/jackson-datatype-jsr310/2.14.2/jackson-datatype-jsr310-2.14.2.jar:/Users/gabrielhall/.m2/repository/com/fasterxml/jackson/module/jackson-module-parameter-names/2.14.2/jackson-module-parameter-names-2.14.2.jar:/Users/gabrielhall/.m2/repository/org/springframework/boot/spring-boot-starter-tomcat/3.0.6/spring-boot-starter-tomcat-3.0.6.jar:/Users/gabrielhall/.m2/repository/org/apache/tomcat/embed/tomcat-embed-core/10.1.8/tomcat-embed-core-10.1.8.jar:/Users/gabrielhall/.m2/repository/org/apache/tomcat/embed/tomcat-embed-websocket/10.1.8/tomcat-embed-websocket-10.1.8.jar:/Users/gabrielhall/.m2/repository/org/springframework/spring-web/6.0.8/spring-web-6.0.8.jar:/Users/gabrielhall/.m2/repository/org/springframework/spring-beans/6.0.8/spring-beans-6.0.8.jar:/Users/gabrielhall/.m2/repository/io/micrometer/micrometer-observation/1.10.6/micrometer-observation-1.10.6.jar:/Users/gabrielhall/.m2/repository/io/micrometer/micrometer-commons/1.10.6/micrometer-commons-1.10.6.jar:/Users/gabrielhall/.m2/repository/org/springframework/spring-webmvc/6.0.8/spring-webmvc-6.0.8.jar:/Users/gabrielhall/.m2/repository/org/springframework/spring-context/6.0.8/spring-context-6.0.8.jar:/Users/gabrielhall/.m2/repository/org/springframework/spring-expression/6.0.8/spring-expression-6.0.8.jar:/Users/gabrielhall/.m2/repository/org/springframework/boot/spring-boot-starter-test/3.0.6/spring-boot-starter-test-3.0.6.jar:/Users/gabrielhall/.m2/repository/org/springframework/boot/spring-boot-test/3.0.6/spring-boot-test-3.0.6.jar:/Users/gabrielhall/.m2/repository/org/springframework/boot/spring-boot-test-autoconfigure/3.0.6/spring-boot-test-autoconfigure-3.0.6.jar:/Users/gabrielhall/.m2/repository/com/jayway/jsonpath/json-path/2.7.0/json-path-2.7.0.jar:/Users/gabrielhall/.m2/repository/net/minidev/json-smart/2.4.10/json-smart-2.4.10.jar:/Users/gabrielhall/.m2/repository/net/minidev/accessors-smart/2.4.9/accessors-smart-2.4.9.jar:/Users/gabrielhall/.m2/repository/org/ow2/asm/asm/9.3/asm-9.3.jar:/Users/gabrielhall/.m2/repository/jakarta/xml/bind/jakarta.xml.bind-api/4.0.0/jakarta.xml.bind-api-4.0.0.jar:/Users/gabrielhall/.m2/repository/jakarta/activation/jakarta.activation-api/2.1.1/jakarta.activation-api-2.1.1.jar:/Users/gabrielhall/.m2/repository/org/hamcrest/hamcrest/2.2/hamcrest-2.2.jar:/Users/gabrielhall/.m2/repository/org/junit/jupiter/junit-jupiter/5.9.2/junit-jupiter-5.9.2.jar:/Users/gabrielhall/.m2/repository/org/junit/jupiter/junit-jupiter-params/5.9.2/junit-jupiter-params-5.9.2.jar:/Users/gabrielhall/.m2/repository/org/mockito/mockito-core/4.8.1/mockito-core-4.8.1.jar:/Users/gabrielhall/.m2/repository/net/bytebuddy/byte-buddy-agent/1.12.23/byte-buddy-agent-1.12.23.jar:/Users/gabrielhall/.m2/repository/org/objenesis/objenesis/3.2/objenesis-3.2.jar:/Users/gabrielhall/.m2/repository/org/mockito/mockito-junit-jupiter/4.8.1/mockito-junit-jupiter-4.8.1.jar:/Users/gabrielhall/.m2/repository/org/skyscreamer/jsonassert/1.5.1/jsonassert-1.5.1.jar:/Users/gabrielhall/.m2/repository/com/vaadin/external/google/android-json/0.0.20131108.vaadin1/android-json-0.0.20131108.vaadin1.jar:/Users/gabrielhall/.m2/repository/org/springframework/spring-core/6.0.8/spring-core-6.0.8.jar:/Users/gabrielhall/.m2/repository/org/springframework/spring-jcl/6.0.8/spring-jcl-6.0.8.jar:/Users/gabrielhall/.m2/repository/org/springframework/spring-test/6.0.8/spring-test-6.0.8.jar:/Users/gabrielhall/.m2/repository/org/xmlunit/xmlunit-core/2.9.1/xmlunit-core-2.9.1.jar:/Users/gabrielhall/.m2/repository/org/springframework/boot/spring-boot-starter-data-mongodb/3.0.6/spring-boot-starter-data-mongodb-3.0.6.jar:/Users/gabrielhall/.m2/repository/org/mongodb/mongodb-driver-sync/4.8.2/mongodb-driver-sync-4.8.2.jar:/Users/gabrielhall/.m2/repository/org/mongodb/bson/4.8.2/bson-4.8.2.jar:/Users/gabrielhall/.m2/repository/org/mongodb/mongodb-driver-core/4.8.2/mongodb-driver-core-4.8.2.jar:/Users/gabrielhall/.m2/repository/org/mongodb/bson-record-codec/4.8.2/bson-record-codec-4.8.2.jar:/Users/gabrielhall/.m2/repository/org/springframework/data/spring-data-mongodb/4.0.5/spring-data-mongodb-4.0.5.jar:/Users/gabrielhall/.m2/repository/org/springframework/spring-tx/6.0.8/spring-tx-6.0.8.jar:/Users/gabrielhall/.m2/repository/org/springframework/data/spring-data-commons/3.0.5/spring-data-commons-3.0.5.jar:/Users/gabrielhall/.m2/repository/org/springframework/boot/spring-boot-starter-security/3.0.6/spring-boot-starter-security-3.0.6.jar:/Users/gabrielhall/.m2/repository/org/springframework/spring-aop/6.0.8/spring-aop-6.0.8.jar:/Users/gabrielhall/.m2/repository/org/springframework/security/spring-security-config/6.0.3/spring-security-config-6.0.3.jar:/Users/gabrielhall/.m2/repository/org/springframework/security/spring-security-core/6.0.3/spring-security-core-6.0.3.jar:/Users/gabrielhall/.m2/repository/org/springframework/security/spring-security-crypto/6.0.3/spring-security-crypto-6.0.3.jar:/Users/gabrielhall/.m2/repository/org/springframework/security/spring-security-web/6.0.3/spring-security-web-6.0.3.jar:/Users/gabrielhall/.m2/repository/org/springframework/boot/spring-boot-starter-validation/3.0.6/spring-boot-starter-validation-3.0.6.jar:/Users/gabrielhall/.m2/repository/org/apache/tomcat/embed/tomcat-embed-el/10.1.8/tomcat-embed-el-10.1.8.jar:/Users/gabrielhall/.m2/repository/org/hibernate/validator/hibernate-validator/8.0.0.Final/hibernate-validator-8.0.0.Final.jar:/Users/gabrielhall/.m2/repository/jakarta/validation/jakarta.validation-api/3.0.2/jakarta.validation-api-3.0.2.jar:/Users/gabrielhall/.m2/repository/org/jboss/logging/jboss-logging/3.5.0.Final/jboss-logging-3.5.0.Final.jar:/Users/gabrielhall/.m2/repository/com/fasterxml/classmate/1.5.1/classmate-1.5.1.jar:/Users/gabrielhall/.m2/repository/org/seleniumhq/selenium/selenium-java/4.8.2/selenium-java-4.8.2.jar:/Users/gabrielhall/.m2/repository/org/seleniumhq/selenium/selenium-api/4.5.3/selenium-api-4.5.3.jar:/Users/gabrielhall/.m2/repository/org/seleniumhq/selenium/selenium-chrome-driver/4.5.3/selenium-chrome-driver-4.5.3.jar:/Users/gabrielhall/.m2/repository/com/google/auto/service/auto-service-annotations/1.0.1/auto-service-annotations-1.0.1.jar:/Users/gabrielhall/.m2/repository/com/google/auto/service/auto-service/1.0.1/auto-service-1.0.1.jar:/Users/gabrielhall/.m2/repository/com/google/auto/auto-common/1.2/auto-common-1.2.jar:/Users/gabrielhall/.m2/repository/com/google/guava/guava/31.1-jre/guava-31.1-jre.jar:/Users/gabrielhall/.m2/repository/com/google/guava/failureaccess/1.0.1/failureaccess-1.0.1.jar:/Users/gabrielhall/.m2/repository/com/google/guava/listenablefuture/9999.0-empty-to-avoid-conflict-with-guava/listenablefuture-9999.0-empty-to-avoid-conflict-with-guava.jar:/Users/gabrielhall/.m2/repository/com/google/code/findbugs/jsr305/3.0.2/jsr305-3.0.2.jar:/Users/gabrielhall/.m2/repository/org/checkerframework/checker-qual/3.12.0/checker-qual-3.12.0.jar:/Users/gabrielhall/.m2/repository/com/google/errorprone/error_prone_annotations/2.11.0/error_prone_annotations-2.11.0.jar:/Users/gabrielhall/.m2/repository/com/google/j2objc/j2objc-annotations/1.3/j2objc-annotations-1.3.jar:/Users/gabrielhall/.m2/repository/org/seleniumhq/selenium/selenium-chromium-driver/4.5.3/selenium-chromium-driver-4.5.3.jar:/Users/gabrielhall/.m2/repository/org/seleniumhq/selenium/selenium-json/4.5.3/selenium-json-4.5.3.jar:/Users/gabrielhall/.m2/repository/org/seleniumhq/selenium/selenium-devtools-v109/4.8.2/selenium-devtools-v109-4.8.2.jar:/Users/gabrielhall/.m2/repository/org/seleniumhq/selenium/selenium-devtools-v110/4.8.2/selenium-devtools-v110-4.8.2.jar:/Users/gabrielhall/.m2/repository/org/seleniumhq/selenium/selenium-devtools-v111/4.8.2/selenium-devtools-v111-4.8.2.jar:/Users/gabrielhall/.m2/repository/org/seleniumhq/selenium/selenium-devtools-v85/4.5.3/selenium-devtools-v85-4.5.3.jar:/Users/gabrielhall/.m2/repository/org/seleniumhq/selenium/selenium-edge-driver/4.5.3/selenium-edge-driver-4.5.3.jar:/Users/gabrielhall/.m2/repository/org/seleniumhq/selenium/selenium-firefox-driver/4.5.3/selenium-firefox-driver-4.5.3.jar:/Users/gabrielhall/.m2/repository/org/seleniumhq/selenium/selenium-ie-driver/4.5.3/selenium-ie-driver-4.5.3.jar:/Users/gabrielhall/.m2/repository/org/seleniumhq/selenium/selenium-remote-driver/4.5.3/selenium-remote-driver-4.5.3.jar:/Users/gabrielhall/.m2/repository/com/beust/jcommander/1.82/jcommander-1.82.jar:/Users/gabrielhall/.m2/repository/io/netty/netty-buffer/4.1.91.Final/netty-buffer-4.1.91.Final.jar:/Users/gabrielhall/.m2/repository/io/netty/netty-codec-http/4.1.91.Final/netty-codec-http-4.1.91.Final.jar:/Users/gabrielhall/.m2/repository/io/netty/netty-codec/4.1.91.Final/netty-codec-4.1.91.Final.jar:/Users/gabrielhall/.m2/repository/io/netty/netty-handler/4.1.91.Final/netty-handler-4.1.91.Final.jar:/Users/gabrielhall/.m2/repository/io/netty/netty-common/4.1.91.Final/netty-common-4.1.91.Final.jar:/Users/gabrielhall/.m2/repository/io/netty/netty-transport-classes-epoll/4.1.91.Final/netty-transport-classes-epoll-4.1.91.Final.jar:/Users/gabrielhall/.m2/repository/io/netty/netty-transport-classes-kqueue/4.1.91.Final/netty-transport-classes-kqueue-4.1.91.Final.jar:/Users/gabrielhall/.m2/repository/io/netty/netty-transport-native-epoll/4.1.91.Final/netty-transport-native-epoll-4.1.91.Final.jar:/Users/gabrielhall/.m2/repository/io/netty/netty-transport-native-kqueue/4.1.91.Final/netty-transport-native-kqueue-4.1.91.Final.jar:/Users/gabrielhall/.m2/repository/io/netty/netty-transport-native-unix-common/4.1.91.Final/netty-transport-native-unix-common-4.1.91.Final.jar:/Users/gabrielhall/.m2/repository/io/netty/netty-transport/4.1.91.Final/netty-transport-4.1.91.Final.jar:/Users/gabrielhall/.m2/repository/io/netty/netty-resolver/4.1.91.Final/netty-resolver-4.1.91.Final.jar:/Users/gabrielhall/.m2/repository/io/opentelemetry/opentelemetry-api/1.19.0/opentelemetry-api-1.19.0.jar:/Users/gabrielhall/.m2/repository/io/opentelemetry/opentelemetry-context/1.19.0/opentelemetry-context-1.19.0.jar:/Users/gabrielhall/.m2/repository/io/opentelemetry/opentelemetry-exporter-logging/1.19.0/opentelemetry-exporter-logging-1.19.0.jar:/Users/gabrielhall/.m2/repository/io/opentelemetry/opentelemetry-sdk-metrics/1.19.0/opentelemetry-sdk-metrics-1.19.0.jar:/Users/gabrielhall/.m2/repository/io/opentelemetry/opentelemetry-sdk-logs/1.19.0-alpha/opentelemetry-sdk-logs-1.19.0-alpha.jar:/Users/gabrielhall/.m2/repository/io/opentelemetry/opentelemetry-api-logs/1.19.0-alpha/opentelemetry-api-logs-1.19.0-alpha.jar:/Users/gabrielhall/.m2/repository/io/opentelemetry/opentelemetry-sdk-common/1.19.0/opentelemetry-sdk-common-1.19.0.jar:/Users/gabrielhall/.m2/repository/io/opentelemetry/opentelemetry-sdk-extension-autoconfigure-spi/1.19.0/opentelemetry-sdk-extension-autoconfigure-spi-1.19.0.jar:/Users/gabrielhall/.m2/repository/io/opentelemetry/opentelemetry-sdk-extension-autoconfigure/1.19.0-alpha/opentelemetry-sdk-extension-autoconfigure-1.19.0-alpha.jar:/Users/gabrielhall/.m2/repository/io/opentelemetry/opentelemetry-exporter-common/1.19.0/opentelemetry-exporter-common-1.19.0.jar:/Users/gabrielhall/.m2/repository/io/opentelemetry/opentelemetry-sdk-trace/1.19.0/opentelemetry-sdk-trace-1.19.0.jar:/Users/gabrielhall/.m2/repository/io/opentelemetry/opentelemetry-sdk/1.19.0/opentelemetry-sdk-1.19.0.jar:/Users/gabrielhall/.m2/repository/io/opentelemetry/opentelemetry-semconv/1.19.0-alpha/opentelemetry-semconv-1.19.0-alpha.jar:/Users/gabrielhall/.m2/repository/io/ous/jtoml/2.0.0/jtoml-2.0.0.jar:/Users/gabrielhall/.m2/repository/org/apache/commons/commons-exec/1.3/commons-exec-1.3.jar:/Users/gabrielhall/.m2/repository/org/asynchttpclient/async-http-client/2.12.3/async-http-client-2.12.3.jar:/Users/gabrielhall/.m2/repository/org/asynchttpclient/async-http-client-netty-utils/2.12.3/async-http-client-netty-utils-2.12.3.jar:/Users/gabrielhall/.m2/repository/io/netty/netty-codec-socks/4.1.91.Final/netty-codec-socks-4.1.91.Final.jar:/Users/gabrielhall/.m2/repository/io/netty/netty-handler-proxy/4.1.91.Final/netty-handler-proxy-4.1.91.Final.jar:/Users/gabrielhall/.m2/repository/io/netty/netty-transport-native-epoll/4.1.91.Final/netty-transport-native-epoll-4.1.91.Final-linux-x86_64.jar:/Users/gabrielhall/.m2/repository/io/netty/netty-transport-native-kqueue/4.1.91.Final/netty-transport-native-kqueue-4.1.91.Final-osx-x86_64.jar:/Users/gabrielhall/.m2/repository/org/reactivestreams/reactive-streams/1.0.4/reactive-streams-1.0.4.jar:/Users/gabrielhall/.m2/repository/com/typesafe/netty/netty-reactive-streams/2.0.4/netty-reactive-streams-2.0.4.jar:/Users/gabrielhall/.m2/repository/com/sun/activation/jakarta.activation/1.2.2/jakarta.activation-1.2.2.jar:/Users/gabrielhall/.m2/repository/org/seleniumhq/selenium/selenium-http/4.5.3/selenium-http-4.5.3.jar:/Users/gabrielhall/.m2/repository/dev/failsafe/failsafe/3.3.0/failsafe-3.3.0.jar:/Users/gabrielhall/.m2/repository/org/seleniumhq/selenium/selenium-safari-driver/4.5.3/selenium-safari-driver-4.5.3.jar:/Users/gabrielhall/.m2/repository/org/seleniumhq/selenium/selenium-support/4.5.3/selenium-support-4.5.3.jar:/Users/gabrielhall/.m2/repository/io/github/bonigarcia/webdrivermanager/5.3.1/webdrivermanager-5.3.1.jar:/Users/gabrielhall/.m2/repository/org/slf4j/slf4j-api/2.0.7/slf4j-api-2.0.7.jar:/Users/gabrielhall/.m2/repository/com/google/code/gson/gson/2.9.1/gson-2.9.1.jar:/Users/gabrielhall/.m2/repository/com/github/docker-java/docker-java/3.2.13/docker-java-3.2.13.jar:/Users/gabrielhall/.m2/repository/com/github/docker-java/docker-java-core/3.2.13/docker-java-core-3.2.13.jar:/Users/gabrielhall/.m2/repository/com/github/docker-java/docker-java-api/3.2.13/docker-java-api-3.2.13.jar:/Users/gabrielhall/.m2/repository/commons-io/commons-io/2.6/commons-io-2.6.jar:/Users/gabrielhall/.m2/repository/org/apache/commons/commons-compress/1.21/commons-compress-1.21.jar:/Users/gabrielhall/.m2/repository/org/bouncycastle/bcpkix-jdk15on/1.64/bcpkix-jdk15on-1.64.jar:/Users/gabrielhall/.m2/repository/org/bouncycastle/bcprov-jdk15on/1.64/bcprov-jdk15on-1.64.jar:/Users/gabrielhall/.m2/repository/org/slf4j/jcl-over-slf4j/2.0.7/jcl-over-slf4j-2.0.7.jar:/Users/gabrielhall/.m2/repository/com/github/docker-java/docker-java-transport-httpclient5/3.2.13/docker-java-transport-httpclient5-3.2.13.jar:/Users/gabrielhall/.m2/repository/com/github/docker-java/docker-java-transport/3.2.13/docker-java-transport-3.2.13.jar:/Users/gabrielhall/.m2/repository/net/java/dev/jna/jna/5.8.0/jna-5.8.0.jar:/Users/gabrielhall/.m2/repository/org/brotli/dec/0.1.2/dec-0.1.2.jar:/Users/gabrielhall/.m2/repository/org/apache/commons/commons-lang3/3.12.0/commons-lang3-3.12.0.jar:/Users/gabrielhall/.m2/repository/org/apache/httpcomponents/client5/httpclient5/5.1.4/httpclient5-5.1.4.jar:/Users/gabrielhall/.m2/repository/org/apache/httpcomponents/core5/httpcore5/5.1.5/httpcore5-5.1.5.jar:/Users/gabrielhall/.m2/repository/org/apache/httpcomponents/core5/httpcore5-h2/5.1.5/httpcore5-h2-5.1.5.jar:/Users/gabrielhall/.m2/repository/commons-codec/commons-codec/1.15/commons-codec-1.15.jar:/Users/gabrielhall/.m2/repository/org/junit/jupiter/junit-jupiter-engine/5.9.2/junit-jupiter-engine-5.9.2.jar:/Users/gabrielhall/.m2/repository/org/junit/platform/junit-platform-engine/1.9.2/junit-platform-engine-1.9.2.jar:/Users/gabrielhall/.m2/repository/org/opentest4j/opentest4j/1.2.0/opentest4j-1.2.0.jar:/Users/gabrielhall/.m2/repository/org/junit/platform/junit-platform-commons/1.9.2/junit-platform-commons-1.9.2.jar:/Users/gabrielhall/.m2/repository/org/junit/jupiter/junit-jupiter-api/5.9.2/junit-jupiter-api-5.9.2.jar:/Users/gabrielhall/.m2/repository/org/apiguardian/apiguardian-api/1.1.2/apiguardian-api-1.1.2.jar:/Users/gabrielhall/.m2/repository/org/assertj/assertj-core/3.24.2/assertj-core-3.24.2.jar:/Users/gabrielhall/.m2/repository/net/bytebuddy/byte-buddy/1.12.23/byte-buddy-1.12.23.jar:/Users/gabrielhall/.m2/repository/junit/junit/4.13.2/junit-4.13.2.jar:/Users/gabrielhall/.m2/repository/org/hamcrest/hamcrest-core/2.2/hamcrest-core-2.2.jar:/Users/gabrielhall/.m2/repository/io/github/bonigarcia/selenium-jupiter/4.3.3/selenium-jupiter-4.3.3.jar:/Users/gabrielhall/.m2/repository/org/springdoc/springdoc-openapi-starter-webmvc-ui/2.0.2/springdoc-openapi-starter-webmvc-ui-2.0.2.jar:/Users/gabrielhall/.m2/repository/org/webjars/swagger-ui/4.15.5/swagger-ui-4.15.5.jar:/Users/gabrielhall/.m2/repository/org/webjars/webjars-locator-core/0.52/webjars-locator-core-0.52.jar:/Users/gabrielhall/.m2/repository/io/github/classgraph/classgraph/4.8.149/classgraph-4.8.149.jar:/Users/gabrielhall/.m2/repository/org/springdoc/springdoc-openapi-starter-webmvc-api/2.0.2/springdoc-openapi-starter-webmvc-api-2.0.2.jar:/Users/gabrielhall/.m2/repository/org/springdoc/springdoc-openapi-starter-common/2.0.2/springdoc-openapi-starter-common-2.0.2.jar:/Users/gabrielhall/.m2/repository/io/swagger/core/v3/swagger-core-jakarta/2.2.7/swagger-core-jakarta-2.2.7.jar:/Users/gabrielhall/.m2/repository/io/swagger/core/v3/swagger-annotations-jakarta/2.2.7/swagger-annotations-jakarta-2.2.7.jar:/Users/gabrielhall/.m2/repository/io/swagger/core/v3/swagger-models-jakarta/2.2.7/swagger-models-jakarta-2.2.7.jar:/Users/gabrielhall/.m2/repository/com/fasterxml/jackson/dataformat/jackson-dataformat-yaml/2.14.2/jackson-dataformat-yaml-2.14.2.jar:/Users/gabrielhall/.m2/repository/org/junit/platform/junit-platform-suite/1.9.2/junit-platform-suite-1.9.2.jar:/Users/gabrielhall/.m2/repository/org/junit/platform/junit-platform-suite-api/1.9.2/junit-platform-suite-api-1.9.2.jar:/Users/gabrielhall/.m2/repository/org/junit/platform/junit-platform-suite-engine/1.9.2/junit-platform-suite-engine-1.9.2.jar:/Users/gabrielhall/.m2/repository/org/junit/platform/junit-platform-suite-commons/1.9.2/junit-platform-suite-commons-1.9.2.jar:/Users/gabrielhall/.m2/repository/org/junit/platform/junit-platform-launcher/1.9.2/junit-platform-launcher-1.9.2.jar:/Users/gabrielhall/.m2/repository/io/cucumber/cucumber-java/7.11.1/cucumber-java-7.11.1.jar:/Users/gabrielhall/.m2/repository/io/cucumber/cucumber-core/7.11.1/cucumber-core-7.11.1.jar:/Users/gabrielhall/.m2/repository/io/cucumber/cucumber-gherkin/7.11.1/cucumber-gherkin-7.11.1.jar:/Users/gabrielhall/.m2/repository/io/cucumber/cucumber-gherkin-messages/7.11.1/cucumber-gherkin-messages-7.11.1.jar:/Users/gabrielhall/.m2/repository/io/cucumber/gherkin/26.0.3/gherkin-26.0.3.jar:/Users/gabrielhall/.m2/repository/io/cucumber/messages/21.0.1/messages-21.0.1.jar:/Users/gabrielhall/.m2/repository/io/cucumber/tag-expressions/5.0.1/tag-expressions-5.0.1.jar:/Users/gabrielhall/.m2/repository/io/cucumber/cucumber-expressions/16.1.2/cucumber-expressions-16.1.2.jar:/Users/gabrielhall/.m2/repository/io/cucumber/datatable/7.11.1/datatable-7.11.1.jar:/Users/gabrielhall/.m2/repository/io/cucumber/cucumber-plugin/7.11.1/cucumber-plugin-7.11.1.jar:/Users/gabrielhall/.m2/repository/io/cucumber/docstring/7.11.1/docstring-7.11.1.jar:/Users/gabrielhall/.m2/repository/io/cucumber/html-formatter/20.2.1/html-formatter-20.2.1.jar:/Users/gabrielhall/.m2/repository/io/cucumber/junit-xml-formatter/0.1.0/junit-xml-formatter-0.1.0.jar:/Users/gabrielhall/.m2/repository/io/cucumber/ci-environment/9.1.0/ci-environment-9.1.0.jar:/Users/gabrielhall/.m2/repository/io/cucumber/cucumber-junit-platform-engine/7.11.1/cucumber-junit-platform-engine-7.11.1.jar:"/>
        <property name="java.vm.vendor" value="Homebrew"/>
        <property name="sun.arch.data.model" value="64"/>
        <property name="java.vendor.url" value="https://github.com/Homebrew/homebrew-core/issues"/>
        <property name="user.timezone" value="Europe/Lisbon"/>
        <property name="org.jboss.logging.provider" value="slf4j"/>
        <property name="os.name" value="Mac OS X"/>
        <property name="java.vm.specification.version" value="18"/>
        <property name="sun.java.launcher" value="SUN_STANDARD"/>
        <property name="user.country" value="PT"/>
        <property name="sun.boot.library.path"
                  value="/opt/homebrew/Cellar/openjdk/18.0.2.1/libexec/openjdk.jdk/Contents/Home/lib"/>
        <property name="sun.java.command"
                  value="/Users/gabrielhall/Documents/UA/3ºAno/TQS_102851/TQS-Project/platform/backend/target/surefire/surefirebooter-20230601114449039_3.jar /Users/gabrielhall/Documents/UA/3ºAno/TQS_102851/TQS-Project/platform/backend/target/surefire 2023-06-01T11-44-48_906-jvmRun1 surefire-20230601114449039_1tmp surefire_0-20230601114449039_2tmp"/>
        <property name="http.nonProxyHosts" value="local|*.local|169.254/16|*.169.254/16"/>
        <property name="jdk.debug" value="release"/>
        <property name="surefire.test.class.path"
                  value="/Users/gabrielhall/Documents/UA/3ºAno/TQS_102851/TQS-Project/platform/backend/target/test-classes:/Users/gabrielhall/Documents/UA/3ºAno/TQS_102851/TQS-Project/platform/backend/target/classes:/Users/gabrielhall/.m2/repository/org/springframework/boot/spring-boot-starter-web/3.0.6/spring-boot-starter-web-3.0.6.jar:/Users/gabrielhall/.m2/repository/org/springframework/boot/spring-boot-starter/3.0.6/spring-boot-starter-3.0.6.jar:/Users/gabrielhall/.m2/repository/org/springframework/boot/spring-boot/3.0.6/spring-boot-3.0.6.jar:/Users/gabrielhall/.m2/repository/org/springframework/boot/spring-boot-autoconfigure/3.0.6/spring-boot-autoconfigure-3.0.6.jar:/Users/gabrielhall/.m2/repository/org/springframework/boot/spring-boot-starter-logging/3.0.6/spring-boot-starter-logging-3.0.6.jar:/Users/gabrielhall/.m2/repository/ch/qos/logback/logback-classic/1.4.7/logback-classic-1.4.7.jar:/Users/gabrielhall/.m2/repository/ch/qos/logback/logback-core/1.4.7/logback-core-1.4.7.jar:/Users/gabrielhall/.m2/repository/org/apache/logging/log4j/log4j-to-slf4j/2.19.0/log4j-to-slf4j-2.19.0.jar:/Users/gabrielhall/.m2/repository/org/apache/logging/log4j/log4j-api/2.19.0/log4j-api-2.19.0.jar:/Users/gabrielhall/.m2/repository/org/slf4j/jul-to-slf4j/2.0.7/jul-to-slf4j-2.0.7.jar:/Users/gabrielhall/.m2/repository/jakarta/annotation/jakarta.annotation-api/2.1.1/jakarta.annotation-api-2.1.1.jar:/Users/gabrielhall/.m2/repository/org/yaml/snakeyaml/1.33/snakeyaml-1.33.jar:/Users/gabrielhall/.m2/repository/org/springframework/boot/spring-boot-starter-json/3.0.6/spring-boot-starter-json-3.0.6.jar:/Users/gabrielhall/.m2/repository/com/fasterxml/jackson/core/jackson-databind/2.14.2/jackson-databind-2.14.2.jar:/Users/gabrielhall/.m2/repository/com/fasterxml/jackson/core/jackson-annotations/2.14.2/jackson-annotations-2.14.2.jar:/Users/gabrielhall/.m2/repository/com/fasterxml/jackson/core/jackson-core/2.14.2/jackson-core-2.14.2.jar:/Users/gabrielhall/.m2/repository/com/fasterxml/jackson/datatype/jackson-datatype-jdk8/2.14.2/jackson-datatype-jdk8-2.14.2.jar:/Users/gabrielhall/.m2/repository/com/fasterxml/jackson/datatype/jackson-datatype-jsr310/2.14.2/jackson-datatype-jsr310-2.14.2.jar:/Users/gabrielhall/.m2/repository/com/fasterxml/jackson/module/jackson-module-parameter-names/2.14.2/jackson-module-parameter-names-2.14.2.jar:/Users/gabrielhall/.m2/repository/org/springframework/boot/spring-boot-starter-tomcat/3.0.6/spring-boot-starter-tomcat-3.0.6.jar:/Users/gabrielhall/.m2/repository/org/apache/tomcat/embed/tomcat-embed-core/10.1.8/tomcat-embed-core-10.1.8.jar:/Users/gabrielhall/.m2/repository/org/apache/tomcat/embed/tomcat-embed-websocket/10.1.8/tomcat-embed-websocket-10.1.8.jar:/Users/gabrielhall/.m2/repository/org/springframework/spring-web/6.0.8/spring-web-6.0.8.jar:/Users/gabrielhall/.m2/repository/org/springframework/spring-beans/6.0.8/spring-beans-6.0.8.jar:/Users/gabrielhall/.m2/repository/io/micrometer/micrometer-observation/1.10.6/micrometer-observation-1.10.6.jar:/Users/gabrielhall/.m2/repository/io/micrometer/micrometer-commons/1.10.6/micrometer-commons-1.10.6.jar:/Users/gabrielhall/.m2/repository/org/springframework/spring-webmvc/6.0.8/spring-webmvc-6.0.8.jar:/Users/gabrielhall/.m2/repository/org/springframework/spring-context/6.0.8/spring-context-6.0.8.jar:/Users/gabrielhall/.m2/repository/org/springframework/spring-expression/6.0.8/spring-expression-6.0.8.jar:/Users/gabrielhall/.m2/repository/org/springframework/boot/spring-boot-starter-test/3.0.6/spring-boot-starter-test-3.0.6.jar:/Users/gabrielhall/.m2/repository/org/springframework/boot/spring-boot-test/3.0.6/spring-boot-test-3.0.6.jar:/Users/gabrielhall/.m2/repository/org/springframework/boot/spring-boot-test-autoconfigure/3.0.6/spring-boot-test-autoconfigure-3.0.6.jar:/Users/gabrielhall/.m2/repository/com/jayway/jsonpath/json-path/2.7.0/json-path-2.7.0.jar:/Users/gabrielhall/.m2/repository/net/minidev/json-smart/2.4.10/json-smart-2.4.10.jar:/Users/gabrielhall/.m2/repository/net/minidev/accessors-smart/2.4.9/accessors-smart-2.4.9.jar:/Users/gabrielhall/.m2/repository/org/ow2/asm/asm/9.3/asm-9.3.jar:/Users/gabrielhall/.m2/repository/jakarta/xml/bind/jakarta.xml.bind-api/4.0.0/jakarta.xml.bind-api-4.0.0.jar:/Users/gabrielhall/.m2/repository/jakarta/activation/jakarta.activation-api/2.1.1/jakarta.activation-api-2.1.1.jar:/Users/gabrielhall/.m2/repository/org/hamcrest/hamcrest/2.2/hamcrest-2.2.jar:/Users/gabrielhall/.m2/repository/org/junit/jupiter/junit-jupiter/5.9.2/junit-jupiter-5.9.2.jar:/Users/gabrielhall/.m2/repository/org/junit/jupiter/junit-jupiter-params/5.9.2/junit-jupiter-params-5.9.2.jar:/Users/gabrielhall/.m2/repository/org/mockito/mockito-core/4.8.1/mockito-core-4.8.1.jar:/Users/gabrielhall/.m2/repository/net/bytebuddy/byte-buddy-agent/1.12.23/byte-buddy-agent-1.12.23.jar:/Users/gabrielhall/.m2/repository/org/objenesis/objenesis/3.2/objenesis-3.2.jar:/Users/gabrielhall/.m2/repository/org/mockito/mockito-junit-jupiter/4.8.1/mockito-junit-jupiter-4.8.1.jar:/Users/gabrielhall/.m2/repository/org/skyscreamer/jsonassert/1.5.1/jsonassert-1.5.1.jar:/Users/gabrielhall/.m2/repository/com/vaadin/external/google/android-json/0.0.20131108.vaadin1/android-json-0.0.20131108.vaadin1.jar:/Users/gabrielhall/.m2/repository/org/springframework/spring-core/6.0.8/spring-core-6.0.8.jar:/Users/gabrielhall/.m2/repository/org/springframework/spring-jcl/6.0.8/spring-jcl-6.0.8.jar:/Users/gabrielhall/.m2/repository/org/springframework/spring-test/6.0.8/spring-test-6.0.8.jar:/Users/gabrielhall/.m2/repository/org/xmlunit/xmlunit-core/2.9.1/xmlunit-core-2.9.1.jar:/Users/gabrielhall/.m2/repository/org/springframework/boot/spring-boot-starter-data-mongodb/3.0.6/spring-boot-starter-data-mongodb-3.0.6.jar:/Users/gabrielhall/.m2/repository/org/mongodb/mongodb-driver-sync/4.8.2/mongodb-driver-sync-4.8.2.jar:/Users/gabrielhall/.m2/repository/org/mongodb/bson/4.8.2/bson-4.8.2.jar:/Users/gabrielhall/.m2/repository/org/mongodb/mongodb-driver-core/4.8.2/mongodb-driver-core-4.8.2.jar:/Users/gabrielhall/.m2/repository/org/mongodb/bson-record-codec/4.8.2/bson-record-codec-4.8.2.jar:/Users/gabrielhall/.m2/repository/org/springframework/data/spring-data-mongodb/4.0.5/spring-data-mongodb-4.0.5.jar:/Users/gabrielhall/.m2/repository/org/springframework/spring-tx/6.0.8/spring-tx-6.0.8.jar:/Users/gabrielhall/.m2/repository/org/springframework/data/spring-data-commons/3.0.5/spring-data-commons-3.0.5.jar:/Users/gabrielhall/.m2/repository/org/springframework/boot/spring-boot-starter-security/3.0.6/spring-boot-starter-security-3.0.6.jar:/Users/gabrielhall/.m2/repository/org/springframework/spring-aop/6.0.8/spring-aop-6.0.8.jar:/Users/gabrielhall/.m2/repository/org/springframework/security/spring-security-config/6.0.3/spring-security-config-6.0.3.jar:/Users/gabrielhall/.m2/repository/org/springframework/security/spring-security-core/6.0.3/spring-security-core-6.0.3.jar:/Users/gabrielhall/.m2/repository/org/springframework/security/spring-security-crypto/6.0.3/spring-security-crypto-6.0.3.jar:/Users/gabrielhall/.m2/repository/org/springframework/security/spring-security-web/6.0.3/spring-security-web-6.0.3.jar:/Users/gabrielhall/.m2/repository/org/springframework/boot/spring-boot-starter-validation/3.0.6/spring-boot-starter-validation-3.0.6.jar:/Users/gabrielhall/.m2/repository/org/apache/tomcat/embed/tomcat-embed-el/10.1.8/tomcat-embed-el-10.1.8.jar:/Users/gabrielhall/.m2/repository/org/hibernate/validator/hibernate-validator/8.0.0.Final/hibernate-validator-8.0.0.Final.jar:/Users/gabrielhall/.m2/repository/jakarta/validation/jakarta.validation-api/3.0.2/jakarta.validation-api-3.0.2.jar:/Users/gabrielhall/.m2/repository/org/jboss/logging/jboss-logging/3.5.0.Final/jboss-logging-3.5.0.Final.jar:/Users/gabrielhall/.m2/repository/com/fasterxml/classmate/1.5.1/classmate-1.5.1.jar:/Users/gabrielhall/.m2/repository/org/seleniumhq/selenium/selenium-java/4.8.2/selenium-java-4.8.2.jar:/Users/gabrielhall/.m2/repository/org/seleniumhq/selenium/selenium-api/4.5.3/selenium-api-4.5.3.jar:/Users/gabrielhall/.m2/repository/org/seleniumhq/selenium/selenium-chrome-driver/4.5.3/selenium-chrome-driver-4.5.3.jar:/Users/gabrielhall/.m2/repository/com/google/auto/service/auto-service-annotations/1.0.1/auto-service-annotations-1.0.1.jar:/Users/gabrielhall/.m2/repository/com/google/auto/service/auto-service/1.0.1/auto-service-1.0.1.jar:/Users/gabrielhall/.m2/repository/com/google/auto/auto-common/1.2/auto-common-1.2.jar:/Users/gabrielhall/.m2/repository/com/google/guava/guava/31.1-jre/guava-31.1-jre.jar:/Users/gabrielhall/.m2/repository/com/google/guava/failureaccess/1.0.1/failureaccess-1.0.1.jar:/Users/gabrielhall/.m2/repository/com/google/guava/listenablefuture/9999.0-empty-to-avoid-conflict-with-guava/listenablefuture-9999.0-empty-to-avoid-conflict-with-guava.jar:/Users/gabrielhall/.m2/repository/com/google/code/findbugs/jsr305/3.0.2/jsr305-3.0.2.jar:/Users/gabrielhall/.m2/repository/org/checkerframework/checker-qual/3.12.0/checker-qual-3.12.0.jar:/Users/gabrielhall/.m2/repository/com/google/errorprone/error_prone_annotations/2.11.0/error_prone_annotations-2.11.0.jar:/Users/gabrielhall/.m2/repository/com/google/j2objc/j2objc-annotations/1.3/j2objc-annotations-1.3.jar:/Users/gabrielhall/.m2/repository/org/seleniumhq/selenium/selenium-chromium-driver/4.5.3/selenium-chromium-driver-4.5.3.jar:/Users/gabrielhall/.m2/repository/org/seleniumhq/selenium/selenium-json/4.5.3/selenium-json-4.5.3.jar:/Users/gabrielhall/.m2/repository/org/seleniumhq/selenium/selenium-devtools-v109/4.8.2/selenium-devtools-v109-4.8.2.jar:/Users/gabrielhall/.m2/repository/org/seleniumhq/selenium/selenium-devtools-v110/4.8.2/selenium-devtools-v110-4.8.2.jar:/Users/gabrielhall/.m2/repository/org/seleniumhq/selenium/selenium-devtools-v111/4.8.2/selenium-devtools-v111-4.8.2.jar:/Users/gabrielhall/.m2/repository/org/seleniumhq/selenium/selenium-devtools-v85/4.5.3/selenium-devtools-v85-4.5.3.jar:/Users/gabrielhall/.m2/repository/org/seleniumhq/selenium/selenium-edge-driver/4.5.3/selenium-edge-driver-4.5.3.jar:/Users/gabrielhall/.m2/repository/org/seleniumhq/selenium/selenium-firefox-driver/4.5.3/selenium-firefox-driver-4.5.3.jar:/Users/gabrielhall/.m2/repository/org/seleniumhq/selenium/selenium-ie-driver/4.5.3/selenium-ie-driver-4.5.3.jar:/Users/gabrielhall/.m2/repository/org/seleniumhq/selenium/selenium-remote-driver/4.5.3/selenium-remote-driver-4.5.3.jar:/Users/gabrielhall/.m2/repository/com/beust/jcommander/1.82/jcommander-1.82.jar:/Users/gabrielhall/.m2/repository/io/netty/netty-buffer/4.1.91.Final/netty-buffer-4.1.91.Final.jar:/Users/gabrielhall/.m2/repository/io/netty/netty-codec-http/4.1.91.Final/netty-codec-http-4.1.91.Final.jar:/Users/gabrielhall/.m2/repository/io/netty/netty-codec/4.1.91.Final/netty-codec-4.1.91.Final.jar:/Users/gabrielhall/.m2/repository/io/netty/netty-handler/4.1.91.Final/netty-handler-4.1.91.Final.jar:/Users/gabrielhall/.m2/repository/io/netty/netty-common/4.1.91.Final/netty-common-4.1.91.Final.jar:/Users/gabrielhall/.m2/repository/io/netty/netty-transport-classes-epoll/4.1.91.Final/netty-transport-classes-epoll-4.1.91.Final.jar:/Users/gabrielhall/.m2/repository/io/netty/netty-transport-classes-kqueue/4.1.91.Final/netty-transport-classes-kqueue-4.1.91.Final.jar:/Users/gabrielhall/.m2/repository/io/netty/netty-transport-native-epoll/4.1.91.Final/netty-transport-native-epoll-4.1.91.Final.jar:/Users/gabrielhall/.m2/repository/io/netty/netty-transport-native-kqueue/4.1.91.Final/netty-transport-native-kqueue-4.1.91.Final.jar:/Users/gabrielhall/.m2/repository/io/netty/netty-transport-native-unix-common/4.1.91.Final/netty-transport-native-unix-common-4.1.91.Final.jar:/Users/gabrielhall/.m2/repository/io/netty/netty-transport/4.1.91.Final/netty-transport-4.1.91.Final.jar:/Users/gabrielhall/.m2/repository/io/netty/netty-resolver/4.1.91.Final/netty-resolver-4.1.91.Final.jar:/Users/gabrielhall/.m2/repository/io/opentelemetry/opentelemetry-api/1.19.0/opentelemetry-api-1.19.0.jar:/Users/gabrielhall/.m2/repository/io/opentelemetry/opentelemetry-context/1.19.0/opentelemetry-context-1.19.0.jar:/Users/gabrielhall/.m2/repository/io/opentelemetry/opentelemetry-exporter-logging/1.19.0/opentelemetry-exporter-logging-1.19.0.jar:/Users/gabrielhall/.m2/repository/io/opentelemetry/opentelemetry-sdk-metrics/1.19.0/opentelemetry-sdk-metrics-1.19.0.jar:/Users/gabrielhall/.m2/repository/io/opentelemetry/opentelemetry-sdk-logs/1.19.0-alpha/opentelemetry-sdk-logs-1.19.0-alpha.jar:/Users/gabrielhall/.m2/repository/io/opentelemetry/opentelemetry-api-logs/1.19.0-alpha/opentelemetry-api-logs-1.19.0-alpha.jar:/Users/gabrielhall/.m2/repository/io/opentelemetry/opentelemetry-sdk-common/1.19.0/opentelemetry-sdk-common-1.19.0.jar:/Users/gabrielhall/.m2/repository/io/opentelemetry/opentelemetry-sdk-extension-autoconfigure-spi/1.19.0/opentelemetry-sdk-extension-autoconfigure-spi-1.19.0.jar:/Users/gabrielhall/.m2/repository/io/opentelemetry/opentelemetry-sdk-extension-autoconfigure/1.19.0-alpha/opentelemetry-sdk-extension-autoconfigure-1.19.0-alpha.jar:/Users/gabrielhall/.m2/repository/io/opentelemetry/opentelemetry-exporter-common/1.19.0/opentelemetry-exporter-common-1.19.0.jar:/Users/gabrielhall/.m2/repository/io/opentelemetry/opentelemetry-sdk-trace/1.19.0/opentelemetry-sdk-trace-1.19.0.jar:/Users/gabrielhall/.m2/repository/io/opentelemetry/opentelemetry-sdk/1.19.0/opentelemetry-sdk-1.19.0.jar:/Users/gabrielhall/.m2/repository/io/opentelemetry/opentelemetry-semconv/1.19.0-alpha/opentelemetry-semconv-1.19.0-alpha.jar:/Users/gabrielhall/.m2/repository/io/ous/jtoml/2.0.0/jtoml-2.0.0.jar:/Users/gabrielhall/.m2/repository/org/apache/commons/commons-exec/1.3/commons-exec-1.3.jar:/Users/gabrielhall/.m2/repository/org/asynchttpclient/async-http-client/2.12.3/async-http-client-2.12.3.jar:/Users/gabrielhall/.m2/repository/org/asynchttpclient/async-http-client-netty-utils/2.12.3/async-http-client-netty-utils-2.12.3.jar:/Users/gabrielhall/.m2/repository/io/netty/netty-codec-socks/4.1.91.Final/netty-codec-socks-4.1.91.Final.jar:/Users/gabrielhall/.m2/repository/io/netty/netty-handler-proxy/4.1.91.Final/netty-handler-proxy-4.1.91.Final.jar:/Users/gabrielhall/.m2/repository/io/netty/netty-transport-native-epoll/4.1.91.Final/netty-transport-native-epoll-4.1.91.Final-linux-x86_64.jar:/Users/gabrielhall/.m2/repository/io/netty/netty-transport-native-kqueue/4.1.91.Final/netty-transport-native-kqueue-4.1.91.Final-osx-x86_64.jar:/Users/gabrielhall/.m2/repository/org/reactivestreams/reactive-streams/1.0.4/reactive-streams-1.0.4.jar:/Users/gabrielhall/.m2/repository/com/typesafe/netty/netty-reactive-streams/2.0.4/netty-reactive-streams-2.0.4.jar:/Users/gabrielhall/.m2/repository/com/sun/activation/jakarta.activation/1.2.2/jakarta.activation-1.2.2.jar:/Users/gabrielhall/.m2/repository/org/seleniumhq/selenium/selenium-http/4.5.3/selenium-http-4.5.3.jar:/Users/gabrielhall/.m2/repository/dev/failsafe/failsafe/3.3.0/failsafe-3.3.0.jar:/Users/gabrielhall/.m2/repository/org/seleniumhq/selenium/selenium-safari-driver/4.5.3/selenium-safari-driver-4.5.3.jar:/Users/gabrielhall/.m2/repository/org/seleniumhq/selenium/selenium-support/4.5.3/selenium-support-4.5.3.jar:/Users/gabrielhall/.m2/repository/io/github/bonigarcia/webdrivermanager/5.3.1/webdrivermanager-5.3.1.jar:/Users/gabrielhall/.m2/repository/org/slf4j/slf4j-api/2.0.7/slf4j-api-2.0.7.jar:/Users/gabrielhall/.m2/repository/com/google/code/gson/gson/2.9.1/gson-2.9.1.jar:/Users/gabrielhall/.m2/repository/com/github/docker-java/docker-java/3.2.13/docker-java-3.2.13.jar:/Users/gabrielhall/.m2/repository/com/github/docker-java/docker-java-core/3.2.13/docker-java-core-3.2.13.jar:/Users/gabrielhall/.m2/repository/com/github/docker-java/docker-java-api/3.2.13/docker-java-api-3.2.13.jar:/Users/gabrielhall/.m2/repository/commons-io/commons-io/2.6/commons-io-2.6.jar:/Users/gabrielhall/.m2/repository/org/apache/commons/commons-compress/1.21/commons-compress-1.21.jar:/Users/gabrielhall/.m2/repository/org/bouncycastle/bcpkix-jdk15on/1.64/bcpkix-jdk15on-1.64.jar:/Users/gabrielhall/.m2/repository/org/bouncycastle/bcprov-jdk15on/1.64/bcprov-jdk15on-1.64.jar:/Users/gabrielhall/.m2/repository/org/slf4j/jcl-over-slf4j/2.0.7/jcl-over-slf4j-2.0.7.jar:/Users/gabrielhall/.m2/repository/com/github/docker-java/docker-java-transport-httpclient5/3.2.13/docker-java-transport-httpclient5-3.2.13.jar:/Users/gabrielhall/.m2/repository/com/github/docker-java/docker-java-transport/3.2.13/docker-java-transport-3.2.13.jar:/Users/gabrielhall/.m2/repository/net/java/dev/jna/jna/5.8.0/jna-5.8.0.jar:/Users/gabrielhall/.m2/repository/org/brotli/dec/0.1.2/dec-0.1.2.jar:/Users/gabrielhall/.m2/repository/org/apache/commons/commons-lang3/3.12.0/commons-lang3-3.12.0.jar:/Users/gabrielhall/.m2/repository/org/apache/httpcomponents/client5/httpclient5/5.1.4/httpclient5-5.1.4.jar:/Users/gabrielhall/.m2/repository/org/apache/httpcomponents/core5/httpcore5/5.1.5/httpcore5-5.1.5.jar:/Users/gabrielhall/.m2/repository/org/apache/httpcomponents/core5/httpcore5-h2/5.1.5/httpcore5-h2-5.1.5.jar:/Users/gabrielhall/.m2/repository/commons-codec/commons-codec/1.15/commons-codec-1.15.jar:/Users/gabrielhall/.m2/repository/org/junit/jupiter/junit-jupiter-engine/5.9.2/junit-jupiter-engine-5.9.2.jar:/Users/gabrielhall/.m2/repository/org/junit/platform/junit-platform-engine/1.9.2/junit-platform-engine-1.9.2.jar:/Users/gabrielhall/.m2/repository/org/opentest4j/opentest4j/1.2.0/opentest4j-1.2.0.jar:/Users/gabrielhall/.m2/repository/org/junit/platform/junit-platform-commons/1.9.2/junit-platform-commons-1.9.2.jar:/Users/gabrielhall/.m2/repository/org/junit/jupiter/junit-jupiter-api/5.9.2/junit-jupiter-api-5.9.2.jar:/Users/gabrielhall/.m2/repository/org/apiguardian/apiguardian-api/1.1.2/apiguardian-api-1.1.2.jar:/Users/gabrielhall/.m2/repository/org/assertj/assertj-core/3.24.2/assertj-core-3.24.2.jar:/Users/gabrielhall/.m2/repository/net/bytebuddy/byte-buddy/1.12.23/byte-buddy-1.12.23.jar:/Users/gabrielhall/.m2/repository/junit/junit/4.13.2/junit-4.13.2.jar:/Users/gabrielhall/.m2/repository/org/hamcrest/hamcrest-core/2.2/hamcrest-core-2.2.jar:/Users/gabrielhall/.m2/repository/io/github/bonigarcia/selenium-jupiter/4.3.3/selenium-jupiter-4.3.3.jar:/Users/gabrielhall/.m2/repository/org/springdoc/springdoc-openapi-starter-webmvc-ui/2.0.2/springdoc-openapi-starter-webmvc-ui-2.0.2.jar:/Users/gabrielhall/.m2/repository/org/webjars/swagger-ui/4.15.5/swagger-ui-4.15.5.jar:/Users/gabrielhall/.m2/repository/org/webjars/webjars-locator-core/0.52/webjars-locator-core-0.52.jar:/Users/gabrielhall/.m2/repository/io/github/classgraph/classgraph/4.8.149/classgraph-4.8.149.jar:/Users/gabrielhall/.m2/repository/org/springdoc/springdoc-openapi-starter-webmvc-api/2.0.2/springdoc-openapi-starter-webmvc-api-2.0.2.jar:/Users/gabrielhall/.m2/repository/org/springdoc/springdoc-openapi-starter-common/2.0.2/springdoc-openapi-starter-common-2.0.2.jar:/Users/gabrielhall/.m2/repository/io/swagger/core/v3/swagger-core-jakarta/2.2.7/swagger-core-jakarta-2.2.7.jar:/Users/gabrielhall/.m2/repository/io/swagger/core/v3/swagger-annotations-jakarta/2.2.7/swagger-annotations-jakarta-2.2.7.jar:/Users/gabrielhall/.m2/repository/io/swagger/core/v3/swagger-models-jakarta/2.2.7/swagger-models-jakarta-2.2.7.jar:/Users/gabrielhall/.m2/repository/com/fasterxml/jackson/dataformat/jackson-dataformat-yaml/2.14.2/jackson-dataformat-yaml-2.14.2.jar:/Users/gabrielhall/.m2/repository/org/junit/platform/junit-platform-suite/1.9.2/junit-platform-suite-1.9.2.jar:/Users/gabrielhall/.m2/repository/org/junit/platform/junit-platform-suite-api/1.9.2/junit-platform-suite-api-1.9.2.jar:/Users/gabrielhall/.m2/repository/org/junit/platform/junit-platform-suite-engine/1.9.2/junit-platform-suite-engine-1.9.2.jar:/Users/gabrielhall/.m2/repository/org/junit/platform/junit-platform-suite-commons/1.9.2/junit-platform-suite-commons-1.9.2.jar:/Users/gabrielhall/.m2/repository/org/junit/platform/junit-platform-launcher/1.9.2/junit-platform-launcher-1.9.2.jar:/Users/gabrielhall/.m2/repository/io/cucumber/cucumber-java/7.11.1/cucumber-java-7.11.1.jar:/Users/gabrielhall/.m2/repository/io/cucumber/cucumber-core/7.11.1/cucumber-core-7.11.1.jar:/Users/gabrielhall/.m2/repository/io/cucumber/cucumber-gherkin/7.11.1/cucumber-gherkin-7.11.1.jar:/Users/gabrielhall/.m2/repository/io/cucumber/cucumber-gherkin-messages/7.11.1/cucumber-gherkin-messages-7.11.1.jar:/Users/gabrielhall/.m2/repository/io/cucumber/gherkin/26.0.3/gherkin-26.0.3.jar:/Users/gabrielhall/.m2/repository/io/cucumber/messages/21.0.1/messages-21.0.1.jar:/Users/gabrielhall/.m2/repository/io/cucumber/tag-expressions/5.0.1/tag-expressions-5.0.1.jar:/Users/gabrielhall/.m2/repository/io/cucumber/cucumber-expressions/16.1.2/cucumber-expressions-16.1.2.jar:/Users/gabrielhall/.m2/repository/io/cucumber/datatable/7.11.1/datatable-7.11.1.jar:/Users/gabrielhall/.m2/repository/io/cucumber/cucumber-plugin/7.11.1/cucumber-plugin-7.11.1.jar:/Users/gabrielhall/.m2/repository/io/cucumber/docstring/7.11.1/docstring-7.11.1.jar:/Users/gabrielhall/.m2/repository/io/cucumber/html-formatter/20.2.1/html-formatter-20.2.1.jar:/Users/gabrielhall/.m2/repository/io/cucumber/junit-xml-formatter/0.1.0/junit-xml-formatter-0.1.0.jar:/Users/gabrielhall/.m2/repository/io/cucumber/ci-environment/9.1.0/ci-environment-9.1.0.jar:/Users/gabrielhall/.m2/repository/io/cucumber/cucumber-junit-platform-engine/7.11.1/cucumber-junit-platform-engine-7.11.1.jar:"/>
        <property name="sun.cpu.endian" value="little"/>
        <property name="user.home" value="/Users/gabrielhall"/>
        <property name="user.language" value="en"/>
        <property name="java.specification.vendor" value="Oracle Corporation"/>
        <property name="java.version.date" value="2022-08-18"/>
        <property name="java.home" value="/opt/homebrew/Cellar/openjdk/18.0.2.1/libexec/openjdk.jdk/Contents/Home"/>
        <property name="file.separator" value="/"/>
        <property name="basedir" value="/Users/gabrielhall/Documents/UA/3ºAno/TQS_102851/TQS-Project/platform/backend"/>
        <property name="java.vm.compressedOopsMode" value="Zero based"/>
        <property name="line.separator" value="&#10;"/>
        <property name="java.vm.specification.vendor" value="Oracle Corporation"/>
        <property name="java.specification.name" value="Java Platform API Specification"/>
        <property name="FILE_LOG_CHARSET" value="UTF-8"/>
        <property name="java.awt.headless" value="true"/>
        <property name="apple.awt.application.name" value="ForkedBooter"/>
        <property name="surefire.real.class.path"
                  value="/Users/gabrielhall/Documents/UA/3ºAno/TQS_102851/TQS-Project/platform/backend/target/surefire/surefirebooter-20230601114449039_3.jar"/>
        <property name="sun.management.compiler" value="HotSpot 64-Bit Tiered Compilers"/>
        <property name="ftp.nonProxyHosts" value="local|*.local|169.254/16|*.169.254/16"/>
        <property name="java.runtime.version" value="18.0.2.1+0"/>
        <property name="user.name" value="gabrielhall"/>
        <property name="path.separator" value=":"/>
        <property name="os.version" value="13.3.1"/>
        <property name="java.runtime.name" value="OpenJDK Runtime Environment"/>
        <property name="file.encoding" value="UTF-8"/>
        <property name="java.vm.name" value="OpenJDK 64-Bit Server VM"/>
        <property name="java.vendor.version" value="Homebrew"/>
        <property name="localRepository" value="/Users/gabrielhall/.m2/repository"/>
        <property name="java.vendor.url.bug" value="https://github.com/Homebrew/homebrew-core/issues"/>
        <property name="java.io.tmpdir" value="/var/folders/mm/36fjkl791y15tzdft0qkzwlm0000gn/T/"/>
        <property name="java.version" value="18.0.2.1"/>
        <property name="user.dir"
                  value="/Users/gabrielhall/Documents/UA/3ºAno/TQS_102851/TQS-Project/platform/backend"/>
        <property name="os.arch" value="aarch64"/>
        <property name="java.vm.specification.name" value="Java Virtual Machine Specification"/>
        <property name="PID" value="48946"/>
        <property name="CONSOLE_LOG_CHARSET" value="UTF-8"/>
        <property name="native.encoding" value="UTF-8"/>
        <property name="java.library.path"
                  value="/Users/gabrielhall/Library/Java/Extensions:/Library/Java/Extensions:/Network/Library/Java/Extensions:/System/Library/Java/Extensions:/usr/lib/java:."/>
        <property name="java.vm.info" value="mixed mode, sharing"/>
        <property name="java.vendor" value="Homebrew"/>
        <property name="java.vm.version" value="18.0.2.1+0"/>
        <property name="sun.io.unicode.encoding" value="UnicodeBig"/>
        <property name="socksNonProxyHosts" value="local|*.local|169.254/16|*.169.254/16"/>
        <property name="java.class.version" value="62.0"/>
    </properties>
    <testcase name="contextLoads" classname="platform.backend.BackendApplicationTests" time="0.004">
        <system-out><![CDATA[2023-06-01T11:44:52.545+01:00  INFO 48946 --- [           main] t.c.s.AnnotationConfigContextLoaderUtils : Could not detect default configuration classes for test class [platform.backend.BackendApplicationTests]: BackendApplicationTests does not declare any static, non-private, non-final, nested classes annotated with @Configuration.
2023-06-01T11:44:52.553+01:00  INFO 48946 --- [           main] .b.t.c.SpringBootTestContextBootstrapper : Found @SpringBootConfiguration platform.backend.BackendApplication for test class platform.backend.BackendApplicationTests

  .   ____          _            __ _ _
 /\\ / ___'_ __ _ _(_)_ __  __ _ \ \ \ \
( ( )\___ | '_ | '_| | '_ \/ _` | \ \ \ \
 \\/  ___)| |_)| | | | | || (_| |  ) ) ) )
  '  |____| .__|_| |_|_| |_\__, | / / / /
 =========|_|==============|___/=/_/_/_/
 :: Spring Boot ::                (v3.0.6)

2023-06-01T11:44:52.585+01:00  INFO 48946 --- [           main] p.backend.BackendApplicationTests        : Starting BackendApplicationTests using Java 18.0.2.1 with PID 48946 (started by gabrielhall in /Users/gabrielhall/Documents/UA/3ºAno/TQS_102851/TQS-Project/platform/backend)
2023-06-01T11:44:52.585+01:00  INFO 48946 --- [           main] p.backend.BackendApplicationTests        : No active profile set, falling back to 1 default profile: "default"
2023-06-01T11:44:52.961+01:00  INFO 48946 --- [           main] .s.d.r.c.RepositoryConfigurationDelegate : Bootstrapping Spring Data MongoDB repositories in DEFAULT mode.
2023-06-01T11:44:52.970+01:00  INFO 48946 --- [           main] .s.d.r.c.RepositoryConfigurationDelegate : Finished Spring Data repository scanning in 8 ms. Found 3 MongoDB repository interfaces.
2023-06-01T11:44:53.137+01:00  INFO 48946 --- [           main] org.mongodb.driver.client                : MongoClient with metadata {"driver": {"name": "mongo-java-driver|sync|spring-boot", "version": "4.8.2"}, "os": {"type": "Darwin", "name": "Mac OS X", "architecture": "aarch64", "version": "13.3.1"}, "platform": "Java/Homebrew/18.0.2.1+0"} created with settings MongoClientSettings{readPreference=primary, writeConcern=WriteConcern{w=null, wTimeout=null ms, journal=null}, retryWrites=true, retryReads=true, readConcern=ReadConcern{level=null}, credential=null, streamFactoryFactory=null, commandListeners=[], codecRegistry=ProvidersCodecRegistry{codecProviders=[ValueCodecProvider{}, BsonValueCodecProvider{}, DBRefCodecProvider{}, DBObjectCodecProvider{}, DocumentCodecProvider{}, CollectionCodecProvider{}, IterableCodecProvider{}, MapCodecProvider{}, GeoJsonCodecProvider{}, GridFSFileCodecProvider{}, Jsr310CodecProvider{}, JsonObjectCodecProvider{}, BsonCodecProvider{}, EnumCodecProvider{}, com.mongodb.Jep395RecordCodecProvider@7f02b2d4]}, clusterSettings={hosts=[0.0.0.0:27017], srvServiceName=mongodb, mode=SINGLE, requiredClusterType=UNKNOWN, requiredReplicaSetName='null', serverSelector='null', clusterListeners='[]', serverSelectionTimeout='30000 ms', localThreshold='30000 ms'}, socketSettings=SocketSettings{connectTimeoutMS=10000, readTimeoutMS=0, receiveBufferSize=0, sendBufferSize=0}, heartbeatSocketSettings=SocketSettings{connectTimeoutMS=10000, readTimeoutMS=10000, receiveBufferSize=0, sendBufferSize=0}, connectionPoolSettings=ConnectionPoolSettings{maxSize=100, minSize=0, maxWaitTimeMS=120000, maxConnectionLifeTimeMS=0, maxConnectionIdleTimeMS=0, maintenanceInitialDelayMS=0, maintenanceFrequencyMS=60000, connectionPoolListeners=[], maxConnecting=2}, serverSettings=ServerSettings{heartbeatFrequencyMS=10000, minHeartbeatFrequencyMS=500, serverListeners='[]', serverMonitorListeners='[]'}, sslSettings=SslSettings{enabled=false, invalidHostNameAllowed=false, context=null}, applicationName='null', compressorList=[], uuidRepresentation=JAVA_LEGACY, serverApi=null, autoEncryptionSettings=null, contextProvider=null}
2023-06-01T11:44:53.141+01:00  INFO 48946 --- [}-0.0.0.0:27017] org.mongodb.driver.cluster               : Exception in monitor thread while connecting to server 0.0.0.0:27017

com.mongodb.MongoSocketOpenException: Exception opening socket
	at com.mongodb.internal.connection.SocketStream.open(SocketStream.java:73) ~[mongodb-driver-core-4.8.2.jar:na]
	at com.mongodb.internal.connection.InternalStreamConnection.open(InternalStreamConnection.java:183) ~[mongodb-driver-core-4.8.2.jar:na]
	at com.mongodb.internal.connection.DefaultServerMonitor$ServerMonitorRunnable.lookupServerDescription(DefaultServerMonitor.java:198) ~[mongodb-driver-core-4.8.2.jar:na]
	at com.mongodb.internal.connection.DefaultServerMonitor$ServerMonitorRunnable.run(DefaultServerMonitor.java:158) ~[mongodb-driver-core-4.8.2.jar:na]
	at java.base/java.lang.Thread.run(Thread.java:833) ~[na:na]
Caused by: java.net.ConnectException: Connection refused
	at java.base/sun.nio.ch.Net.pollConnect(Native Method) ~[na:na]
	at java.base/sun.nio.ch.Net.pollConnectNow(Net.java:672) ~[na:na]
	at java.base/sun.nio.ch.NioSocketImpl.timedFinishConnect(NioSocketImpl.java:539) ~[na:na]
	at java.base/sun.nio.ch.NioSocketImpl.connect(NioSocketImpl.java:594) ~[na:na]
	at java.base/java.net.SocksSocketImpl.connect(SocksSocketImpl.java:327) ~[na:na]
	at java.base/java.net.Socket.connect(Socket.java:633) ~[na:na]
	at com.mongodb.internal.connection.SocketStreamHelper.initialize(SocketStreamHelper.java:107) ~[mongodb-driver-core-4.8.2.jar:na]
	at com.mongodb.internal.connection.SocketStream.initializeSocket(SocketStream.java:82) ~[mongodb-driver-core-4.8.2.jar:na]
	at com.mongodb.internal.connection.SocketStream.open(SocketStream.java:68) ~[mongodb-driver-core-4.8.2.jar:na]
	... 4 common frames omitted

2023-06-01T11:44:53.316+01:00  WARN 48946 --- [           main] .s.s.UserDetailsServiceAutoConfiguration : 

Using generated security password: 82b058d6-271f-4f35-9624-7bc38f9cd10e

This generated password is for development use only. Your security configuration must be updated before running your application in production.

2023-06-01T11:44:53.429+01:00  INFO 48946 --- [           main] o.s.s.web.DefaultSecurityFilterChain     : Will secure any request with [org.springframework.security.web.session.DisableEncodeUrlFilter@4135b7f9, org.springframework.security.web.context.request.async.WebAsyncManagerIntegrationFilter@3847fe81, org.springframework.security.web.context.SecurityContextHolderFilter@3d61b36a, org.springframework.security.web.header.HeaderWriterFilter@268467ab, org.springframework.security.web.authentication.logout.LogoutFilter@270b527f, org.springframework.security.web.savedrequest.RequestCacheAwareFilter@7da324d0, org.springframework.security.web.servletapi.SecurityContextHolderAwareRequestFilter@7fd4d278, org.springframework.security.web.authentication.AnonymousAuthenticationFilter@163697a8, org.springframework.security.web.access.ExceptionTranslationFilter@74055597, org.springframework.security.web.access.intercept.AuthorizationFilter@265bea14]
2023-06-01T11:44:55.364+01:00  INFO 48946 --- [           main] p.backend.BackendApplicationTests        : Started BackendApplicationTests in 2.801 seconds (process running for 6.253)
]]></system-out>
    </testcase>
</testsuite>